<?xml version="1.0" encoding="UTF-8"?>
<!-- Generated by org.testng.reporters.JUnitReportReporter -->
<testsuite hostname="DESKTOP-0QNFGHB" failures="0" tests="2" name="tests.LoginTest" time="8.136" errors="0" timestamp="2025-09-08T22:30:21 IST" skipped="0">
  <testcase classname="tests.LoginTest" name="testValidLogin" time="5.497"/>
  <testcase classname="tests.LoginTest" name="testInvalidLogin" time="2.639"/>
</testsuite> <!-- tests.LoginTest -->
