<?xml version="1.0" encoding="UTF-8"?>
<!-- Generated by org.testng.reporters.JUnitReportReporter -->
<testsuite hostname="DESKTOP-0QNFGHB" failures="0" tests="3" name="tests.HomePageTest" time="18.032" errors="0" timestamp="2025-09-08T22:15:26 IST" skipped="0">
  <testcase classname="tests.HomePageTest" name="verifyHomePageIsVisible" time="4.348"/>
  <testcase classname="tests.HomePageTest" name="verifyNavigationToLoginPage" time="4.489"/>
  <testcase classname="tests.HomePageTest" name="verifyNavigationToProductsPage" time="9.195"/>
</testsuite> <!-- tests.HomePageTest -->
