<?xml version="1.0" encoding="UTF-8"?>
<!-- Generated by org.testng.reporters.JUnitReportReporter -->
<testsuite hostname="DESKTOP-0QNFGHB" failures="0" tests="3" name="tests.HomePageTest" time="13.764" errors="0" timestamp="2025-09-08T21:59:15 IST" skipped="0">
  <testcase classname="tests.HomePageTest" name="verifyHomePageIsVisible" time="2.509"/>
  <testcase classname="tests.HomePageTest" name="verifyNavigationToLoginPage" time="3.760"/>
  <testcase classname="tests.HomePageTest" name="verifyNavigationToProductsPage" time="7.495"/>
</testsuite> <!-- tests.HomePageTest -->
