<?xml version="1.0" encoding="UTF-8"?>
<!-- Generated by org.testng.reporters.JUnitReportReporter -->
<testsuite hostname="DESKTOP-0QNFGHB" failures="0" tests="3" name="tests.HomePageTest" time="13.295" errors="0" timestamp="2025-09-08T22:09:29 IST" skipped="0">
  <testcase classname="tests.HomePageTest" name="verifyHomePageIsVisible" time="2.906"/>
  <testcase classname="tests.HomePageTest" name="verifyNavigationToLoginPage" time="3.968"/>
  <testcase classname="tests.HomePageTest" name="verifyNavigationToProductsPage" time="6.421"/>
</testsuite> <!-- tests.HomePageTest -->
