<?xml version="1.0" encoding="UTF-8"?>
<!-- Generated by org.testng.reporters.JUnitReportReporter -->
<testsuite hostname="DESKTOP-0QNFGHB" failures="0" tests="1" name="tests.ProductsPageTest" time="5.484" errors="0" timestamp="2025-09-08T22:05:06 IST" skipped="0">
  <testcase classname="tests.ProductsPageTest" name="verifyAllProductsAndProductDetailPage" time="5.484"/>
</testsuite> <!-- tests.ProductsPageTest -->
