<?xml version="1.0" encoding="UTF-8"?>
<!-- Generated by org.testng.reporters.JUnitReportReporter -->
<testsuite hostname="DESKTOP-0QNFGHB" failures="0" tests="1" name="tests.PaymentPageTest" time="27.213" errors="0" timestamp="2025-09-08T22:18:15 IST" skipped="0">
  <testcase classname="tests.PaymentPageTest" name="verifyPaymentAndConfirmOrder" time="27.213"/>
</testsuite> <!-- tests.PaymentPageTest -->
