<?xml version="1.0" encoding="UTF-8"?>
<!-- Generated by org.testng.reporters.JUnitReportReporter -->
<testsuite hostname="DESKTOP-0QNFGHB" failures="0" tests="3" name="tests.HomePageTest" time="15.023" errors="0" timestamp="2025-09-08T21:57:14 IST" skipped="0">
  <testcase classname="tests.HomePageTest" name="verifyHomePageIsVisible" time="4.075"/>
  <testcase classname="tests.HomePageTest" name="verifyNavigationToLoginPage" time="4.641"/>
  <testcase classname="tests.HomePageTest" name="verifyNavigationToProductsPage" time="6.307"/>
</testsuite> <!-- tests.HomePageTest -->
