<?xml version="1.0" encoding="UTF-8"?>
<!-- Generated by org.testng.reporters.JUnitReportReporter -->
<testsuite hostname="DESKTOP-0QNFGHB" failures="0" tests="3" name="tests.HomePageTest" time="13.472" errors="0" timestamp="2025-09-08T22:32:24 IST" skipped="0">
  <testcase classname="tests.HomePageTest" name="verifyHomePageIsVisible" time="2.990"/>
  <testcase classname="tests.HomePageTest" name="verifyNavigationToLoginPage" time="3.618"/>
  <testcase classname="tests.HomePageTest" name="verifyNavigationToProductsPage" time="6.864"/>
</testsuite> <!-- tests.HomePageTest -->
