<?xml version="1.0" encoding="UTF-8"?>
<!-- Generated by org.testng.reporters.JUnitReportReporter -->
<testsuite hostname="DESKTOP-0QNFGHB" failures="0" tests="2" name="tests.LoginTest" time="14.225" errors="0" timestamp="2025-09-08T22:38:27 IST" skipped="0">
  <testcase classname="tests.LoginTest" name="testValidLogin" time="9.100"/>
  <testcase classname="tests.LoginTest" name="testInvalidLogin" time="5.125"/>
</testsuite> <!-- tests.LoginTest -->
