<?xml version="1.0" encoding="UTF-8"?>
<!-- Generated by org.testng.reporters.JUnitReportReporter -->
<testsuite hostname="DESKTOP-0QNFGHB" failures="0" tests="3" name="tests.HomePageTest" time="19.654" errors="0" timestamp="2025-09-08T22:38:27 IST" skipped="0">
  <testcase classname="tests.HomePageTest" name="verifyHomePageIsVisible" time="3.838"/>
  <testcase classname="tests.HomePageTest" name="verifyNavigationToLoginPage" time="5.712"/>
  <testcase classname="tests.HomePageTest" name="verifyNavigationToProductsPage" time="10.104"/>
</testsuite> <!-- tests.HomePageTest -->
