<?xml version="1.0" encoding="UTF-8"?>
<!-- Generated by org.testng.reporters.JUnitReportReporter -->
<testsuite hostname="DESKTOP-0QNFGHB" failures="0" tests="1" name="tests.PaymentPageTest" time="5.098" errors="0" timestamp="2025-09-08T21:57:14 IST" skipped="0">
  <testcase classname="tests.PaymentPageTest" name="verifyPaymentAndConfirmOrder" time="5.098"/>
</testsuite> <!-- tests.PaymentPageTest -->
