<?xml version="1.0" encoding="UTF-8"?>
<!-- Generated by org.testng.reporters.JUnitReportReporter -->
<testsuite hostname="DESKTOP-0QNFGHB" failures="0" tests="3" name="tests.HomePageTest" time="23.072" errors="0" timestamp="2025-09-08T22:18:15 IST" skipped="0">
  <testcase classname="tests.HomePageTest" name="verifyHomePageIsVisible" time="5.621"/>
  <testcase classname="tests.HomePageTest" name="verifyNavigationToLoginPage" time="4.218"/>
  <testcase classname="tests.HomePageTest" name="verifyNavigationToProductsPage" time="13.233"/>
</testsuite> <!-- tests.HomePageTest -->
