<?xml version="1.0" encoding="UTF-8"?>
<!-- Generated by org.testng.reporters.JUnitReportReporter -->
<testsuite hostname="DESKTOP-0QNFGHB" failures="0" tests="3" name="tests.HomePageTest" time="15.711" errors="0" timestamp="2025-09-08T21:53:02 IST" skipped="0">
  <testcase classname="tests.HomePageTest" name="verifyHomePageIsVisible" time="4.223"/>
  <testcase classname="tests.HomePageTest" name="verifyNavigationToLoginPage" time="4.848"/>
  <testcase classname="tests.HomePageTest" name="verifyNavigationToProductsPage" time="6.640"/>
</testsuite> <!-- tests.HomePageTest -->
