<?xml version="1.0" encoding="UTF-8"?>
<!-- Generated by org.testng.reporters.JUnitReportReporter -->
<testsuite hostname="DESKTOP-0QNFGHB" failures="0" tests="3" name="tests.HomePageTest" time="18.134" errors="0" timestamp="2025-09-08T22:05:06 IST" skipped="0">
  <testcase classname="tests.HomePageTest" name="verifyHomePageIsVisible" time="4.687"/>
  <testcase classname="tests.HomePageTest" name="verifyNavigationToLoginPage" time="4.883"/>
  <testcase classname="tests.HomePageTest" name="verifyNavigationToProductsPage" time="8.564"/>
</testsuite> <!-- tests.HomePageTest -->
