<?xml version="1.0" encoding="UTF-8"?>
<!-- Generated by org.testng.reporters.JUnitReportReporter -->
<testsuite hostname="DESKTOP-0QNFGHB" failures="0" tests="3" name="tests.HomePageTest" time="13.390" errors="0" timestamp="2025-09-08T22:01:06 IST" skipped="0">
  <testcase classname="tests.HomePageTest" name="verifyHomePageIsVisible" time="3.230"/>
  <testcase classname="tests.HomePageTest" name="verifyNavigationToLoginPage" time="3.378"/>
  <testcase classname="tests.HomePageTest" name="verifyNavigationToProductsPage" time="6.782"/>
</testsuite> <!-- tests.HomePageTest -->
