<?xml version="1.0" encoding="UTF-8"?>
<!-- Generated by org.testng.reporters.JUnitReportReporter -->
<testsuite hostname="DESKTOP-0QNFGHB" failures="0" tests="3" name="tests.HomePageTest" time="14.749" errors="0" timestamp="2025-09-08T22:34:20 IST" skipped="0">
  <testcase classname="tests.HomePageTest" name="verifyHomePageIsVisible" time="2.639"/>
  <testcase classname="tests.HomePageTest" name="verifyNavigationToLoginPage" time="3.596"/>
  <testcase classname="tests.HomePageTest" name="verifyNavigationToProductsPage" time="8.514"/>
</testsuite> <!-- tests.HomePageTest -->
