<?xml version="1.0" encoding="UTF-8"?>
<!-- Generated by org.testng.reporters.JUnitReportReporter -->
<testsuite hostname="DESKTOP-0QNFGHB" failures="0" tests="3" name="tests.HomePageTest" time="15.212" errors="0" timestamp="2025-09-08T22:11:26 IST" skipped="0">
  <testcase classname="tests.HomePageTest" name="verifyHomePageIsVisible" time="3.419"/>
  <testcase classname="tests.HomePageTest" name="verifyNavigationToLoginPage" time="4.393"/>
  <testcase classname="tests.HomePageTest" name="verifyNavigationToProductsPage" time="7.400"/>
</testsuite> <!-- tests.HomePageTest -->
