<?xml version="1.0" encoding="UTF-8"?>
<!-- Generated by org.testng.reporters.JUnitReportReporter -->
<testsuite hostname="DESKTOP-0QNFGHB" failures="0" tests="2" name="tests.LoginTest" time="7.235" errors="0" timestamp="2025-09-08T22:03:02 IST" skipped="0">
  <testcase classname="tests.LoginTest" name="testValidLogin" time="3.730"/>
  <testcase classname="tests.LoginTest" name="testInvalidLogin" time="3.505"/>
</testsuite> <!-- tests.LoginTest -->
