<?xml version="1.0" encoding="UTF-8"?>
<!-- Generated by org.testng.reporters.JUnitReportReporter -->
<testsuite hostname="DESKTOP-0QNFGHB" failures="0" tests="3" name="tests.HomePageTest" time="22.554" errors="0" timestamp="2025-09-08T22:24:47 IST" skipped="0">
  <testcase classname="tests.HomePageTest" name="verifyHomePageIsVisible" time="8.835"/>
  <testcase classname="tests.HomePageTest" name="verifyNavigationToLoginPage" time="5.417"/>
  <testcase classname="tests.HomePageTest" name="verifyNavigationToProductsPage" time="8.302"/>
</testsuite> <!-- tests.HomePageTest -->
