<?xml version="1.0" encoding="UTF-8"?>
<!-- Generated by org.testng.reporters.JUnitReportReporter -->
<testsuite hostname="DESKTOP-0QNFGHB" failures="0" tests="1" name="tests.RegisterUserTest" time="12.040" errors="0" timestamp="2025-09-08T21:59:15 IST" skipped="0">
  <testcase classname="tests.RegisterUserTest" name="testRegisterUser" time="12.040"/>
</testsuite> <!-- tests.RegisterUserTest -->
