<?xml version="1.0" encoding="UTF-8"?>
<!-- Generated by org.testng.reporters.JUnitReportReporter -->
<testsuite hostname="DESKTOP-0QNFGHB" failures="0" tests="2" name="tests.LoginTest" time="8.993" errors="0" timestamp="2025-09-08T22:32:24 IST" skipped="0">
  <testcase classname="tests.LoginTest" name="testValidLogin" time="6.018"/>
  <testcase classname="tests.LoginTest" name="testInvalidLogin" time="2.975"/>
</testsuite> <!-- tests.LoginTest -->
