<?xml version="1.0" encoding="UTF-8"?>
<!-- Generated by org.testng.reporters.JUnitReportReporter -->
<testsuite hostname="DESKTOP-0QNFGHB" failures="0" tests="2" name="tests.LoginTest" time="7.683" errors="0" timestamp="2025-09-08T22:09:29 IST" skipped="0">
  <testcase classname="tests.LoginTest" name="testValidLogin" time="4.647"/>
  <testcase classname="tests.LoginTest" name="testInvalidLogin" time="3.036"/>
</testsuite> <!-- tests.LoginTest -->
