<?xml version="1.0" encoding="UTF-8"?>
<!-- Generated by org.testng.reporters.JUnitReportReporter -->
<testsuite hostname="DESKTOP-0QNFGHB" failures="0" tests="2" name="tests.LoginTest" time="7.536" errors="0" timestamp="2025-09-08T22:22:12 IST" skipped="0">
  <testcase classname="tests.LoginTest" name="testValidLogin" time="4.935"/>
  <testcase classname="tests.LoginTest" name="testInvalidLogin" time="2.601"/>
</testsuite> <!-- tests.LoginTest -->
