<?xml version="1.0" encoding="UTF-8"?>
<!-- Generated by org.testng.reporters.JUnitReportReporter -->
<testsuite hostname="DESKTOP-0QNFGHB" failures="0" tests="2" name="tests.LoginTest" time="9.022" errors="0" timestamp="2025-09-08T22:20:15 IST" skipped="0">
  <testcase classname="tests.LoginTest" name="testValidLogin" time="5.475"/>
  <testcase classname="tests.LoginTest" name="testInvalidLogin" time="3.547"/>
</testsuite> <!-- tests.LoginTest -->
