<?xml version="1.0" encoding="UTF-8"?>
<!-- Generated by org.testng.reporters.JUnitReportReporter -->
<testsuite hostname="DESKTOP-0QNFGHB" failures="0" tests="2" name="tests.LoginTest" time="7.984" errors="0" timestamp="2025-09-08T22:28:12 IST" skipped="0">
  <testcase classname="tests.LoginTest" name="testValidLogin" time="4.995"/>
  <testcase classname="tests.LoginTest" name="testInvalidLogin" time="2.989"/>
</testsuite> <!-- tests.LoginTest -->
