<?xml version="1.0" encoding="UTF-8"?>
<!-- Generated by org.testng.reporters.JUnitReportReporter -->
<testsuite hostname="DESKTOP-0QNFGHB" failures="0" tests="2" name="tests.LoginTest" time="7.549" errors="0" timestamp="2025-09-08T21:55:03 IST" skipped="0">
  <testcase classname="tests.LoginTest" name="testValidLogin" time="4.059"/>
  <testcase classname="tests.LoginTest" name="testInvalidLogin" time="3.490"/>
</testsuite> <!-- tests.LoginTest -->
