<?xml version="1.0" encoding="UTF-8"?>
<!-- Generated by org.testng.reporters.JUnitReportReporter -->
<testsuite hostname="DESKTOP-0QNFGHB" failures="0" tests="2" name="tests.LoginTest" time="16.418" errors="0" timestamp="2025-09-08T22:24:47 IST" skipped="0">
  <testcase classname="tests.LoginTest" name="testValidLogin" time="5.632"/>
  <testcase classname="tests.LoginTest" name="testInvalidLogin" time="10.786"/>
</testsuite> <!-- tests.LoginTest -->
