<?xml version="1.0" encoding="UTF-8"?>
<!-- Generated by org.testng.reporters.JUnitReportReporter -->
<testsuite hostname="DESKTOP-0QNFGHB" failures="0" tests="2" name="tests.LoginTest" time="11.602" errors="0" timestamp="2025-09-08T22:34:20 IST" skipped="0">
  <testcase classname="tests.LoginTest" name="testValidLogin" time="5.351"/>
  <testcase classname="tests.LoginTest" name="testInvalidLogin" time="6.251"/>
</testsuite> <!-- tests.LoginTest -->
