<?xml version="1.0" encoding="UTF-8"?>
<!-- Generated by org.testng.reporters.JUnitReportReporter -->
<testsuite hostname="DESKTOP-0QNFGHB" failures="0" tests="1" name="tests.PaymentPageTest" time="4.665" errors="0" timestamp="2025-09-08T21:53:02 IST" skipped="0">
  <testcase classname="tests.PaymentPageTest" name="verifyPaymentAndConfirmOrder" time="4.665"/>
</testsuite> <!-- tests.PaymentPageTest -->
