<?xml version="1.0" encoding="UTF-8"?>
<!-- Generated by org.testng.reporters.JUnitReportReporter -->
<testsuite hostname="DESKTOP-0QNFGHB" failures="0" tests="3" name="tests.HomePageTest" time="18.160" errors="0" timestamp="2025-09-08T22:20:15 IST" skipped="0">
  <testcase classname="tests.HomePageTest" name="verifyHomePageIsVisible" time="5.293"/>
  <testcase classname="tests.HomePageTest" name="verifyNavigationToLoginPage" time="5.993"/>
  <testcase classname="tests.HomePageTest" name="verifyNavigationToProductsPage" time="6.874"/>
</testsuite> <!-- tests.HomePageTest -->
