<?xml version="1.0" encoding="UTF-8"?>
<!-- Generated by org.testng.reporters.JUnitReportReporter -->
<testsuite hostname="DESKTOP-0QNFGHB" failures="0" tests="3" name="tests.HomePageTest" time="18.604" errors="0" timestamp="2025-09-08T22:22:12 IST" skipped="0">
  <testcase classname="tests.HomePageTest" name="verifyHomePageIsVisible" time="3.136"/>
  <testcase classname="tests.HomePageTest" name="verifyNavigationToLoginPage" time="5.212"/>
  <testcase classname="tests.HomePageTest" name="verifyNavigationToProductsPage" time="10.256"/>
</testsuite> <!-- tests.HomePageTest -->
