<?xml version="1.0" encoding="UTF-8"?>
<!-- Generated by org.testng.reporters.JUnitReportReporter -->
<testsuite hostname="DESKTOP-0QNFGHB" failures="0" tests="2" name="tests.LoginTest" time="38.465" errors="0" timestamp="2025-09-08T22:18:15 IST" skipped="0">
  <testcase classname="tests.LoginTest" name="testValidLogin" time="7.209"/>
  <testcase classname="tests.LoginTest" name="testInvalidLogin" time="31.256"/>
</testsuite> <!-- tests.LoginTest -->
